[2026-01-09 12:37:22] local.DEBUG: SQLite Database Path: /app/www/database/app.sqlite  
[2026-01-09 12:55:34] local.DEBUG: SQLite Database Path: /app/www/database/app.sqlite  
[2026-01-09 13:20:59] local.DEBUG: SQLite Database Path: /app/www/database/app.sqlite  
[2026-01-09 13:21:21] local.DEBUG: SQLite Database Path: /app/www/database/app.sqlite  
[2026-01-09 13:25:11] local.DEBUG: SQLite Database Path: /app/www/database/app.sqlite  
[2026-01-09 13:28:41] local.DEBUG: SQLite Database Path: /app/www/database/app.sqlite  
[2026-01-09 13:29:14] local.DEBUG: SQLite Database Path: /app/www/database/app.sqlite  
[2026-01-09 13:40:06] local.DEBUG: SQLite Database Path: /app/www/database/app.sqlite  
[2026-01-09 13:43:34] local.DEBUG: SQLite Database Path: /app/www/database/app.sqlite  
[2026-01-09 13:45:13] local.DEBUG: SQLite Database Path: /app/www/database/app.sqlite  
[2026-01-09 14:05:42] local.DEBUG: SQLite Database Path: /app/www/database/app.sqlite  
[2026-01-09 14:28:29] local.DEBUG: SQLite Database Path: /app/www/database/app.sqlite  
[2026-01-09 14:28:31] local.DEBUG: SQLite Database Path: /app/www/database/app.sqlite  
[2026-01-09 14:28:32] local.DEBUG: SQLite Database Path: /app/www/database/app.sqlite  
[2026-01-09 14:28:33] local.DEBUG: SQLite Database Path: /app/www/database/app.sqlite  
[2026-01-09 14:28:35] local.DEBUG: SQLite Database Path: /app/www/database/app.sqlite  
[2026-01-09 14:28:38] local.DEBUG: SQLite Database Path: /app/www/database/app.sqlite  
[2026-01-09 14:28:46] local.DEBUG: SQLite Database Path: /app/www/database/app.sqlite  
[2026-01-09 14:28:46] local.DEBUG: Get app triggered for: 140902edbcc424c09736af28ab2de604c3bde936  
[2026-01-09 14:28:46] local.DEBUG: Download triggered for stdClass Object
(
    [appid] => 140902edbcc424c09736af28ab2de604c3bde936
    [name] => AdGuard Home
    [website] => https://github.com/AdguardTeam/AdGuardHome
    [license] => GNU General Public License v3.0 only
    [description] => AdGuard Home is a network-wide software for blocking ads & tracking. After you set it up, it'll cover ALL your home devices, and you don't need any client-side software for that.

It operates as a DNS server that re-routes tracking domains to a "black hole," thus preventing your devices from connecting to those servers. It's based on software we use for our public AdGuard DNS servers -- both share a lot of common code.
    [enhanced] => 1
    [tile_background] => light
    [icon] => adguardhome.png
    [sha] => bd632258d42881048e931f18e7ecd5583d7bce52
    [class] => App\SupportedApps\AdGuardHome\AdGuardHome
)
  
[2026-01-09 14:28:51] local.DEBUG: SQLite Database Path: /app/www/database/app.sqlite  
[2026-01-09 14:28:51] local.DEBUG: SQLite Database Path: /app/www/database/app.sqlite  
[2026-01-09 14:29:32] local.DEBUG: SQLite Database Path: /app/www/database/app.sqlite  
[2026-01-09 14:29:36] local.DEBUG: SQLite Database Path: /app/www/database/app.sqlite  
[2026-01-09 14:29:39] local.DEBUG: SQLite Database Path: /app/www/database/app.sqlite  
[2026-01-09 14:29:39] local.DEBUG: SQLite Database Path: /app/www/database/app.sqlite  
[2026-01-09 14:29:42] local.DEBUG: SQLite Database Path: /app/www/database/app.sqlite  
[2026-01-09 14:29:46] local.ERROR: cURL error 28: Operation timed out after 60003 milliseconds with 0 out of 4915 bytes received (see https://curl.haxx.se/libcurl/c/libcurl-errors.html) for https://appslist.heimdall.site/files/bd632258d42881048e931f18e7ecd5583d7bce52.zip {"exception":"[object] (GuzzleHttp\\Exception\\ConnectException(code: 0): cURL error 28: Operation timed out after 60003 milliseconds with 0 out of 4915 bytes received (see https://curl.haxx.se/libcurl/c/libcurl-errors.html) for https://appslist.heimdall.site/files/bd632258d42881048e931f18e7ecd5583d7bce52.zip at /app/www/vendor/guzzlehttp/guzzle/src/Handler/CurlFactory.php:275)
[stacktrace]
#0 /app/www/vendor/guzzlehttp/guzzle/src/Handler/CurlFactory.php(205): GuzzleHttp\\Handler\\CurlFactory::createRejection()
#1 /app/www/vendor/guzzlehttp/guzzle/src/Handler/CurlFactory.php(157): GuzzleHttp\\Handler\\CurlFactory::finishError()
#2 /app/www/vendor/guzzlehttp/guzzle/src/Handler/CurlHandler.php(47): GuzzleHttp\\Handler\\CurlFactory::finish()
#3 /app/www/vendor/guzzlehttp/guzzle/src/Handler/Proxy.php(28): GuzzleHttp\\Handler\\CurlHandler->__invoke()
#4 /app/www/vendor/guzzlehttp/guzzle/src/Handler/Proxy.php(48): GuzzleHttp\\Handler\\Proxy::{closure:GuzzleHttp\\Handler\\Proxy::wrapSync():27}()
#5 /app/www/vendor/guzzlehttp/guzzle/src/PrepareBodyMiddleware.php(35): GuzzleHttp\\Handler\\Proxy::{closure:GuzzleHttp\\Handler\\Proxy::wrapStreaming():47}()
#6 /app/www/vendor/guzzlehttp/guzzle/src/Middleware.php(31): GuzzleHttp\\PrepareBodyMiddleware->__invoke()
#7 /app/www/vendor/guzzlehttp/guzzle/src/RedirectMiddleware.php(71): GuzzleHttp\\Middleware::{closure:{closure:GuzzleHttp\\Middleware::cookies():28}:29}()
#8 /app/www/vendor/guzzlehttp/guzzle/src/Middleware.php(63): GuzzleHttp\\RedirectMiddleware->__invoke()
#9 /app/www/vendor/guzzlehttp/guzzle/src/HandlerStack.php(75): GuzzleHttp\\Middleware::{closure:{closure:GuzzleHttp\\Middleware::httpErrors():60}:61}()
#10 /app/www/vendor/guzzlehttp/guzzle/src/Client.php(333): GuzzleHttp\\HandlerStack->__invoke()
#11 /app/www/vendor/guzzlehttp/guzzle/src/Client.php(169): GuzzleHttp\\Client->transfer()
#12 /app/www/vendor/guzzlehttp/guzzle/src/Client.php(189): GuzzleHttp\\Client->requestAsync()
#13 /app/www/app/SupportedApps.php(181): GuzzleHttp\\Client->request()
#14 /app/www/app/Application.php(145): App\\SupportedApps::getFiles()
#15 /app/www/app/Http/Controllers/ItemController.php(451): App\\Application::getApp()
#16 /app/www/vendor/laravel/framework/src/Illuminate/Routing/Controller.php(54): App\\Http\\Controllers\\ItemController->appload()
#17 /app/www/vendor/laravel/framework/src/Illuminate/Routing/ControllerDispatcher.php(44): Illuminate\\Routing\\Controller->callAction()
#18 /app/www/vendor/laravel/framework/src/Illuminate/Routing/Route.php(266): Illuminate\\Routing\\ControllerDispatcher->dispatch()
#19 /app/www/vendor/laravel/framework/src/Illuminate/Routing/Route.php(212): Illuminate\\Routing\\Route->runController()
#20 /app/www/vendor/laravel/framework/src/Illuminate/Routing/Router.php(808): Illuminate\\Routing\\Route->run()
#21 /app/www/vendor/laravel/framework/src/Illuminate/Pipeline/Pipeline.php(170): Illuminate\\Routing\\Router->{closure:Illuminate\\Routing\\Router::runRouteWithinStack():807}()
#22 /app/www/app/Http/Middleware/CheckAllowed.php(42): Illuminate\\Pipeline\\Pipeline->{closure:Illuminate\\Pipeline\\Pipeline::prepareDestination():168}()
#23 /app/www/vendor/laravel/framework/src/Illuminate/Pipeline/Pipeline.php(209): App\\Http\\Middleware\\CheckAllowed->handle()
#24 /app/www/app/Http/Controllers/Controller.php(21): Illuminate\\Pipeline\\Pipeline->{closure:{closure:Illuminate\\Pipeline\\Pipeline::carry():184}:185}()
#25 /app/www/vendor/laravel/framework/src/Illuminate/Pipeline/Pipeline.php(191): App\\Http\\Controllers\\Controller->{closure:App\\Http\\Controllers\\Controller::__construct():18}()
#26 /app/www/vendor/laravel/framework/src/Illuminate/Routing/Middleware/SubstituteBindings.php(51): Illuminate\\Pipeline\\Pipeline->{closure:{closure:Illuminate\\Pipeline\\Pipeline::carry():184}:185}()
#27 /app/www/vendor/laravel/framework/src/Illuminate/Pipeline/Pipeline.php(209): Illuminate\\Routing\\Middleware\\SubstituteBindings->handle()
#28 /app/www/vendor/laravel/framework/src/Illuminate/Foundation/Http/Middleware/VerifyCsrfToken.php(88): Illuminate\\Pipeline\\Pipeline->{closure:{closure:Illuminate\\Pipeline\\Pipeline::carry():184}:185}()
#29 /app/www/vendor/laravel/framework/src/Illuminate/Pipeline/Pipeline.php(209): Illuminate\\Foundation\\Http\\Middleware\\VerifyCsrfToken->handle()
#30 /app/www/vendor/laravel/framework/src/Illuminate/View/Middleware/ShareErrorsFromSession.php(49): Illuminate\\Pipeline\\Pipeline->{closure:{closure:Illuminate\\Pipeline\\Pipeline::carry():184}:185}()
#31 /app/www/vendor/laravel/framework/src/Illuminate/Pipeline/Pipeline.php(209): Illuminate\\View\\Middleware\\ShareErrorsFromSession->handle()
#32 /app/www/vendor/laravel/framework/src/Illuminate/Session/Middleware/StartSession.php(121): Illuminate\\Pipeline\\Pipeline->{closure:{closure:Illuminate\\Pipeline\\Pipeline::carry():184}:185}()
#33 /app/www/vendor/laravel/framework/src/Illuminate/Session/Middleware/StartSession.php(64): Illuminate\\Session\\Middleware\\StartSession->handleStatefulRequest()
#34 /app/www/vendor/laravel/framework/src/Illuminate/Pipeline/Pipeline.php(209): Illuminate\\Session\\Middleware\\StartSession->handle()
#35 /app/www/vendor/laravel/framework/src/Illuminate/Cookie/Middleware/AddQueuedCookiesToResponse.php(37): Illuminate\\Pipeline\\Pipeline->{closure:{closure:Illuminate\\Pipeline\\Pipeline::carry():184}:185}()
#36 /app/www/vendor/laravel/framework/src/Illuminate/Pipeline/Pipeline.php(209): Illuminate\\Cookie\\Middleware\\AddQueuedCookiesToResponse->handle()
#37 /app/www/vendor/laravel/framework/src/Illuminate/Cookie/Middleware/EncryptCookies.php(75): Illuminate\\Pipeline\\Pipeline->{closure:{closure:Illuminate\\Pipeline\\Pipeline::carry():184}:185}()
#38 /app/www/vendor/laravel/framework/src/Illuminate/Pipeline/Pipeline.php(209): Illuminate\\Cookie\\Middleware\\EncryptCookies->handle()
#39 /app/www/vendor/laravel/framework/src/Illuminate/Pipeline/Pipeline.php(127): Illuminate\\Pipeline\\Pipeline->{closure:{closure:Illuminate\\Pipeline\\Pipeline::carry():184}:185}()
#40 /app/www/vendor/laravel/framework/src/Illuminate/Routing/Router.php(807): Illuminate\\Pipeline\\Pipeline->then()
#41 /app/www/vendor/laravel/framework/src/Illuminate/Routing/Router.php(786): Illuminate\\Routing\\Router->runRouteWithinStack()
#42 /app/www/vendor/laravel/framework/src/Illuminate/Routing/Router.php(750): Illuminate\\Routing\\Router->runRoute()
#43 /app/www/vendor/laravel/framework/src/Illuminate/Routing/Router.php(739): Illuminate\\Routing\\Router->dispatchToRoute()
#44 /app/www/vendor/laravel/framework/src/Illuminate/Foundation/Http/Kernel.php(201): Illuminate\\Routing\\Router->dispatch()
#45 /app/www/vendor/laravel/framework/src/Illuminate/Pipeline/Pipeline.php(170): Illuminate\\Foundation\\Http\\Kernel->{closure:Illuminate\\Foundation\\Http\\Kernel::dispatchToRouter():198}()
#46 /app/www/vendor/laravel/framework/src/Illuminate/Foundation/Http/Middleware/PreventRequestsDuringMaintenance.php(110): Illuminate\\Pipeline\\Pipeline->{closure:Illuminate\\Pipeline\\Pipeline::prepareDestination():168}()
#47 /app/www/vendor/laravel/framework/src/Illuminate/Pipeline/Pipeline.php(209): Illuminate\\Foundation\\Http\\Middleware\\PreventRequestsDuringMaintenance->handle()
#48 /app/www/vendor/laravel/framework/src/Illuminate/Foundation/Http/Middleware/TransformsRequest.php(21): Illuminate\\Pipeline\\Pipeline->{closure:{closure:Illuminate\\Pipeline\\Pipeline::carry():184}:185}()
#49 /app/www/vendor/laravel/framework/src/Illuminate/Foundation/Http/Middleware/ConvertEmptyStringsToNull.php(31): Illuminate\\Foundation\\Http\\Middleware\\TransformsRequest->handle()
#50 /app/www/vendor/laravel/framework/src/Illuminate/Pipeline/Pipeline.php(209): Illuminate\\Foundation\\Http\\Middleware\\ConvertEmptyStringsToNull->handle()
#51 /app/www/vendor/laravel/framework/src/Illuminate/Foundation/Http/Middleware/TransformsRequest.php(21): Illuminate\\Pipeline\\Pipeline->{closure:{closure:Illuminate\\Pipeline\\Pipeline::carry():184}:185}()
#52 /app/www/vendor/laravel/framework/src/Illuminate/Foundation/Http/Middleware/TrimStrings.php(51): Illuminate\\Foundation\\Http\\Middleware\\TransformsRequest->handle()
#53 /app/www/vendor/laravel/framework/src/Illuminate/Pipeline/Pipeline.php(209): Illuminate\\Foundation\\Http\\Middleware\\TrimStrings->handle()
#54 /app/www/vendor/laravel/framework/src/Illuminate/Http/Middleware/ValidatePostSize.php(27): Illuminate\\Pipeline\\Pipeline->{closure:{closure:Illuminate\\Pipeline\\Pipeline::carry():184}:185}()
#55 /app/www/vendor/laravel/framework/src/Illuminate/Pipeline/Pipeline.php(209): Illuminate\\Http\\Middleware\\ValidatePostSize->handle()
#56 /app/www/vendor/laravel/framework/src/Illuminate/Foundation/Http/Middleware/PreventRequestsDuringMaintenance.php(110): Illuminate\\Pipeline\\Pipeline->{closure:{closure:Illuminate\\Pipeline\\Pipeline::carry():184}:185}()
#57 /app/www/vendor/laravel/framework/src/Illuminate/Pipeline/Pipeline.php(209): Illuminate\\Foundation\\Http\\Middleware\\PreventRequestsDuringMaintenance->handle()
#58 /app/www/vendor/laravel/framework/src/Illuminate/Http/Middleware/HandleCors.php(49): Illuminate\\Pipeline\\Pipeline->{closure:{closure:Illuminate\\Pipeline\\Pipeline::carry():184}:185}()
#59 /app/www/vendor/laravel/framework/src/Illuminate/Pipeline/Pipeline.php(209): Illuminate\\Http\\Middleware\\HandleCors->handle()
#60 /app/www/vendor/laravel/framework/src/Illuminate/Http/Middleware/TrustProxies.php(58): Illuminate\\Pipeline\\Pipeline->{closure:{closure:Illuminate\\Pipeline\\Pipeline::carry():184}:185}()
#61 /app/www/vendor/laravel/framework/src/Illuminate/Pipeline/Pipeline.php(209): Illuminate\\Http\\Middleware\\TrustProxies->handle()
#62 /app/www/vendor/laravel/framework/src/Illuminate/Foundation/Http/Middleware/InvokeDeferredCallbacks.php(22): Illuminate\\Pipeline\\Pipeline->{closure:{closure:Illuminate\\Pipeline\\Pipeline::carry():184}:185}()
#63 /app/www/vendor/laravel/framework/src/Illuminate/Pipeline/Pipeline.php(209): Illuminate\\Foundation\\Http\\Middleware\\InvokeDeferredCallbacks->handle()
#64 /app/www/vendor/laravel/framework/src/Illuminate/Pipeline/Pipeline.php(127): Illuminate\\Pipeline\\Pipeline->{closure:{closure:Illuminate\\Pipeline\\Pipeline::carry():184}:185}()
#65 /app/www/vendor/laravel/framework/src/Illuminate/Foundation/Http/Kernel.php(176): Illuminate\\Pipeline\\Pipeline->then()
#66 /app/www/vendor/laravel/framework/src/Illuminate/Foundation/Http/Kernel.php(145): Illuminate\\Foundation\\Http\\Kernel->sendRequestThroughRouter()
#67 /app/www/vendor/laravel/framework/src/Illuminate/Foundation/Application.php(1220): Illuminate\\Foundation\\Http\\Kernel->handle()
#68 /app/www/public/index.php(17): Illuminate\\Foundation\\Application->handleRequest()
#69 {main}
"} 
[2026-01-09 14:29:48] local.DEBUG: SQLite Database Path: /app/www/database/app.sqlite  
[2026-01-09 14:29:48] local.DEBUG: Get app triggered for: 07b796b3a10eaa8b6f485ed2379187a39400b459  
[2026-01-09 14:29:48] local.DEBUG: SQLite Database Path: /app/www/database/app.sqlite  
[2026-01-09 14:29:58] local.DEBUG: SQLite Database Path: /app/www/database/app.sqlite  
[2026-01-09 14:29:58] local.DEBUG: SQLite Database Path: /app/www/database/app.sqlite  
[2026-01-09 14:30:42] local.DEBUG: SQLite Database Path: /app/www/database/app.sqlite  
[2026-01-09 14:30:46] local.DEBUG: SQLite Database Path: /app/www/database/app.sqlite  
[2026-01-09 14:30:56] local.DEBUG: SQLite Database Path: /app/www/database/app.sqlite  
[2026-01-09 14:30:56] local.DEBUG: Get app triggered for: 8acd9f66ec707deda1345479909166aa1c31bdad  
[2026-01-09 14:30:56] local.DEBUG: Download triggered for stdClass Object
(
    [appid] => 8acd9f66ec707deda1345479909166aa1c31bdad
    [name] => Glances
    [website] => https://nicolargo.github.io/glances
    [license] => GNU Lesser General Public License v3.0 only
    [description] => Glances is a cross-platform monitoring tool which aims to present a large amount of monitoring information through a curses or Web based interface.
    [enhanced] => 1
    [tile_background] => dark
    [icon] => glances.png
    [sha] => 8f13efa2e4084564168aad7250daaed548af2779
    [class] => App\SupportedApps\Glances\Glances
)
  
[2026-01-09 14:30:56] local.DEBUG: SQLite Database Path: /app/www/database/app.sqlite  
[2026-01-09 14:31:02] local.DEBUG: SQLite Database Path: /app/www/database/app.sqlite  
[2026-01-09 14:31:02] local.DEBUG: SQLite Database Path: /app/www/database/app.sqlite  
[2026-01-09 14:31:27] local.DEBUG: SQLite Database Path: /app/www/database/app.sqlite  
[2026-01-09 14:31:30] local.DEBUG: SQLite Database Path: /app/www/database/app.sqlite  
[2026-01-09 14:31:39] local.DEBUG: SQLite Database Path: /app/www/database/app.sqlite  
[2026-01-09 14:31:39] local.DEBUG: Get app triggered for: b5f16344632fdfe68391a2dc3816ee0edbb1813c  
[2026-01-09 14:31:39] local.DEBUG: Download triggered for stdClass Object
(
    [appid] => b5f16344632fdfe68391a2dc3816ee0edbb1813c
    [name] => IT-Tools
    [website] => https://it-tools.tech/
    [license] => GNU General Public License v3.0 only
    [description] => Useful tools for developer and people working in IT.
    [enhanced] => 
    [tile_background] => light
    [icon] => ittools.png
    [sha] => c42fe8dccaae8c320230a00f24771745edc8dc2d
    [class] => App\SupportedApps\ITTools\ITTools
)
  
[2026-01-09 14:31:39] local.DEBUG: SQLite Database Path: /app/www/database/app.sqlite  
[2026-01-09 14:31:41] local.DEBUG: SQLite Database Path: /app/www/database/app.sqlite  
[2026-01-09 14:31:41] local.DEBUG: SQLite Database Path: /app/www/database/app.sqlite  
[2026-01-09 14:36:52] local.DEBUG: SQLite Database Path: /app/www/database/app.sqlite  
[2026-01-09 14:36:54] local.DEBUG: SQLite Database Path: /app/www/database/app.sqlite  
[2026-01-09 14:36:55] local.DEBUG: SQLite Database Path: /app/www/database/app.sqlite  
[2026-01-09 14:37:14] local.DEBUG: SQLite Database Path: /app/www/database/app.sqlite  
[2026-01-09 14:37:39] local.DEBUG: SQLite Database Path: /app/www/database/app.sqlite  
[2026-01-09 14:37:39] local.DEBUG: SQLite Database Path: /app/www/database/app.sqlite  
[2026-01-09 14:37:45] local.DEBUG: SQLite Database Path: /app/www/database/app.sqlite  
[2026-01-09 14:38:02] local.DEBUG: SQLite Database Path: /app/www/database/app.sqlite  
[2026-01-09 14:38:02] local.DEBUG: SQLite Database Path: /app/www/database/app.sqlite  
[2026-01-09 14:38:51] local.DEBUG: SQLite Database Path: /app/www/database/app.sqlite  
[2026-01-09 14:38:54] local.DEBUG: SQLite Database Path: /app/www/database/app.sqlite  
[2026-01-09 14:39:01] local.DEBUG: SQLite Database Path: /app/www/database/app.sqlite  
[2026-01-09 14:39:17] local.DEBUG: SQLite Database Path: /app/www/database/app.sqlite  
[2026-01-09 14:39:25] local.DEBUG: SQLite Database Path: /app/www/database/app.sqlite  
[2026-01-09 14:39:28] local.DEBUG: SQLite Database Path: /app/www/database/app.sqlite  
[2026-01-09 14:39:30] local.DEBUG: SQLite Database Path: /app/www/database/app.sqlite  
[2026-01-09 14:39:32] local.DEBUG: SQLite Database Path: /app/www/database/app.sqlite  
[2026-01-09 14:40:51] local.DEBUG: SQLite Database Path: /app/www/database/app.sqlite  
[2026-01-09 14:40:52] local.DEBUG: SQLite Database Path: /app/www/database/app.sqlite  
[2026-01-09 14:40:55] local.DEBUG: SQLite Database Path: /app/www/database/app.sqlite  
[2026-01-09 14:48:30] local.DEBUG: SQLite Database Path: /app/www/database/app.sqlite  
[2026-01-09 14:48:36] local.DEBUG: SQLite Database Path: /app/www/database/app.sqlite  
[2026-01-09 14:48:50] local.DEBUG: SQLite Database Path: /app/www/database/app.sqlite  
[2026-01-09 14:48:50] local.DEBUG: SQLite Database Path: /app/www/database/app.sqlite  
[2026-01-09 14:48:54] local.DEBUG: SQLite Database Path: /app/www/database/app.sqlite  
[2026-01-09 14:50:11] local.DEBUG: SQLite Database Path: /app/www/database/app.sqlite  
[2026-01-09 14:50:14] local.DEBUG: SQLite Database Path: /app/www/database/app.sqlite  
[2026-01-09 14:50:16] local.DEBUG: SQLite Database Path: /app/www/database/app.sqlite  
[2026-01-09 14:50:16] local.DEBUG: SQLite Database Path: /app/www/database/app.sqlite  
[2026-01-09 14:50:22] local.DEBUG: SQLite Database Path: /app/www/database/app.sqlite  
[2026-01-09 14:50:26] local.DEBUG: SQLite Database Path: /app/www/database/app.sqlite  
[2026-01-09 14:50:26] local.DEBUG: SQLite Database Path: /app/www/database/app.sqlite  
[2026-01-09 14:50:31] local.DEBUG: SQLite Database Path: /app/www/database/app.sqlite  
[2026-01-09 14:50:51] local.DEBUG: SQLite Database Path: /app/www/database/app.sqlite  
[2026-01-09 14:51:04] local.DEBUG: SQLite Database Path: /app/www/database/app.sqlite  
[2026-01-09 14:51:13] local.DEBUG: SQLite Database Path: /app/www/database/app.sqlite  
[2026-01-09 14:51:13] local.DEBUG: SQLite Database Path: /app/www/database/app.sqlite  
[2026-01-09 14:51:22] local.DEBUG: SQLite Database Path: /app/www/database/app.sqlite  
[2026-01-09 15:00:58] local.DEBUG: SQLite Database Path: /app/www/database/app.sqlite  
[2026-01-09 15:01:02] local.DEBUG: SQLite Database Path: /app/www/database/app.sqlite  
[2026-01-09 15:01:05] local.DEBUG: SQLite Database Path: /app/www/database/app.sqlite  
[2026-01-09 15:01:05] local.DEBUG: SQLite Database Path: /app/www/database/app.sqlite  
[2026-01-09 15:01:17] local.DEBUG: SQLite Database Path: /app/www/database/app.sqlite  
